<?xml version="1.0" encoding="UTF-8"?>
<testsuite xmlns:xsi="http://www.w3.org/2001/XMLSchema-instance" xsi:noNamespaceSchemaLocation="https://maven.apache.org/surefire/maven-surefire-plugin/xsd/surefire-test-report.xsd" name="com.example.HelloWorld.HelloWorldApplicationTests" time="0.175" tests="1" errors="1" skipped="0" failures="0">
  <properties>
    <property name="java.specification.version" value="21"/>
    <property name="sun.jnu.encoding" value="UTF-8"/>
    <property name="java.class.path" value="/home/developer/Desktop/mp-training/training/java/spring/fullstack/backend/target/test-classes:/home/developer/Desktop/mp-training/training/java/spring/fullstack/backend/target/classes:/home/developer/.m2/repository/org/springframework/boot/spring-boot-devtools/2.7.18/spring-boot-devtools-2.7.18.jar:/home/developer/.m2/repository/org/springframework/boot/spring-boot/2.7.18/spring-boot-2.7.18.jar:/home/developer/.m2/repository/org/springframework/spring-context/5.3.31/spring-context-5.3.31.jar:/home/developer/.m2/repository/org/springframework/boot/spring-boot-autoconfigure/2.7.18/spring-boot-autoconfigure-2.7.18.jar:/home/developer/.m2/repository/org/thymeleaf/extras/thymeleaf-extras-springsecurity5/3.0.5.RELEASE/thymeleaf-extras-springsecurity5-3.0.5.RELEASE.jar:/home/developer/.m2/repository/org/slf4j/slf4j-api/1.7.36/slf4j-api-1.7.36.jar:/home/developer/.m2/repository/org/springframework/boot/spring-boot-starter-jdbc/2.7.18/spring-boot-starter-jdbc-2.7.18.jar:/home/developer/.m2/repository/org/springframework/boot/spring-boot-starter/2.7.18/spring-boot-starter-2.7.18.jar:/home/developer/.m2/repository/org/springframework/boot/spring-boot-starter-logging/2.7.18/spring-boot-starter-logging-2.7.18.jar:/home/developer/.m2/repository/ch/qos/logback/logback-classic/1.2.12/logback-classic-1.2.12.jar:/home/developer/.m2/repository/ch/qos/logback/logback-core/1.2.12/logback-core-1.2.12.jar:/home/developer/.m2/repository/org/apache/logging/log4j/log4j-to-slf4j/2.17.2/log4j-to-slf4j-2.17.2.jar:/home/developer/.m2/repository/org/apache/logging/log4j/log4j-api/2.17.2/log4j-api-2.17.2.jar:/home/developer/.m2/repository/org/slf4j/jul-to-slf4j/1.7.36/jul-to-slf4j-1.7.36.jar:/home/developer/.m2/repository/jakarta/annotation/jakarta.annotation-api/1.3.5/jakarta.annotation-api-1.3.5.jar:/home/developer/.m2/repository/org/yaml/snakeyaml/1.30/snakeyaml-1.30.jar:/home/developer/.m2/repository/com/zaxxer/HikariCP/4.0.3/HikariCP-4.0.3.jar:/home/developer/.m2/repository/org/springframework/spring-jdbc/5.3.31/spring-jdbc-5.3.31.jar:/home/developer/.m2/repository/org/springframework/spring-beans/5.3.31/spring-beans-5.3.31.jar:/home/developer/.m2/repository/org/springframework/spring-tx/5.3.31/spring-tx-5.3.31.jar:/home/developer/.m2/repository/org/springframework/boot/spring-boot-starter-validation/2.7.18/spring-boot-starter-validation-2.7.18.jar:/home/developer/.m2/repository/org/apache/tomcat/embed/tomcat-embed-el/9.0.83/tomcat-embed-el-9.0.83.jar:/home/developer/.m2/repository/org/hibernate/validator/hibernate-validator/6.2.5.Final/hibernate-validator-6.2.5.Final.jar:/home/developer/.m2/repository/jakarta/validation/jakarta.validation-api/2.0.2/jakarta.validation-api-2.0.2.jar:/home/developer/.m2/repository/org/jboss/logging/jboss-logging/3.4.3.Final/jboss-logging-3.4.3.Final.jar:/home/developer/.m2/repository/com/fasterxml/classmate/1.5.1/classmate-1.5.1.jar:/home/developer/.m2/repository/org/springframework/boot/spring-boot-starter-web/2.7.18/spring-boot-starter-web-2.7.18.jar:/home/developer/.m2/repository/org/springframework/boot/spring-boot-starter-json/2.7.18/spring-boot-starter-json-2.7.18.jar:/home/developer/.m2/repository/com/fasterxml/jackson/core/jackson-databind/2.13.5/jackson-databind-2.13.5.jar:/home/developer/.m2/repository/com/fasterxml/jackson/core/jackson-annotations/2.13.5/jackson-annotations-2.13.5.jar:/home/developer/.m2/repository/com/fasterxml/jackson/core/jackson-core/2.13.5/jackson-core-2.13.5.jar:/home/developer/.m2/repository/com/fasterxml/jackson/datatype/jackson-datatype-jdk8/2.13.5/jackson-datatype-jdk8-2.13.5.jar:/home/developer/.m2/repository/com/fasterxml/jackson/datatype/jackson-datatype-jsr310/2.13.5/jackson-datatype-jsr310-2.13.5.jar:/home/developer/.m2/repository/com/fasterxml/jackson/module/jackson-module-parameter-names/2.13.5/jackson-module-parameter-names-2.13.5.jar:/home/developer/.m2/repository/org/springframework/boot/spring-boot-starter-tomcat/2.7.18/spring-boot-starter-tomcat-2.7.18.jar:/home/developer/.m2/repository/org/apache/tomcat/embed/tomcat-embed-core/9.0.83/tomcat-embed-core-9.0.83.jar:/home/developer/.m2/repository/org/apache/tomcat/embed/tomcat-embed-websocket/9.0.83/tomcat-embed-websocket-9.0.83.jar:/home/developer/.m2/repository/org/springframework/spring-web/5.3.31/spring-web-5.3.31.jar:/home/developer/.m2/repository/org/springframework/spring-webmvc/5.3.31/spring-webmvc-5.3.31.jar:/home/developer/.m2/repository/org/springframework/spring-expression/5.3.31/spring-expression-5.3.31.jar:/home/developer/.m2/repository/org/springframework/boot/spring-boot-starter-test/2.7.18/spring-boot-starter-test-2.7.18.jar:/home/developer/.m2/repository/org/springframework/boot/spring-boot-test/2.7.18/spring-boot-test-2.7.18.jar:/home/developer/.m2/repository/org/springframework/boot/spring-boot-test-autoconfigure/2.7.18/spring-boot-test-autoconfigure-2.7.18.jar:/home/developer/.m2/repository/com/jayway/jsonpath/json-path/2.7.0/json-path-2.7.0.jar:/home/developer/.m2/repository/net/minidev/json-smart/2.4.11/json-smart-2.4.11.jar:/home/developer/.m2/repository/net/minidev/accessors-smart/2.4.11/accessors-smart-2.4.11.jar:/home/developer/.m2/repository/org/ow2/asm/asm/9.3/asm-9.3.jar:/home/developer/.m2/repository/jakarta/xml/bind/jakarta.xml.bind-api/2.3.3/jakarta.xml.bind-api-2.3.3.jar:/home/developer/.m2/repository/jakarta/activation/jakarta.activation-api/1.2.2/jakarta.activation-api-1.2.2.jar:/home/developer/.m2/repository/org/assertj/assertj-core/3.22.0/assertj-core-3.22.0.jar:/home/developer/.m2/repository/org/hamcrest/hamcrest/2.2/hamcrest-2.2.jar:/home/developer/.m2/repository/org/junit/jupiter/junit-jupiter/5.8.2/junit-jupiter-5.8.2.jar:/home/developer/.m2/repository/org/junit/jupiter/junit-jupiter-api/5.8.2/junit-jupiter-api-5.8.2.jar:/home/developer/.m2/repository/org/opentest4j/opentest4j/1.2.0/opentest4j-1.2.0.jar:/home/developer/.m2/repository/org/junit/platform/junit-platform-commons/1.8.2/junit-platform-commons-1.8.2.jar:/home/developer/.m2/repository/org/apiguardian/apiguardian-api/1.1.2/apiguardian-api-1.1.2.jar:/home/developer/.m2/repository/org/junit/jupiter/junit-jupiter-params/5.8.2/junit-jupiter-params-5.8.2.jar:/home/developer/.m2/repository/org/junit/jupiter/junit-jupiter-engine/5.8.2/junit-jupiter-engine-5.8.2.jar:/home/developer/.m2/repository/org/junit/platform/junit-platform-engine/1.8.2/junit-platform-engine-1.8.2.jar:/home/developer/.m2/repository/org/mockito/mockito-core/4.5.1/mockito-core-4.5.1.jar:/home/developer/.m2/repository/net/bytebuddy/byte-buddy/1.12.23/byte-buddy-1.12.23.jar:/home/developer/.m2/repository/net/bytebuddy/byte-buddy-agent/1.12.23/byte-buddy-agent-1.12.23.jar:/home/developer/.m2/repository/org/objenesis/objenesis/3.2/objenesis-3.2.jar:/home/developer/.m2/repository/org/mockito/mockito-junit-jupiter/4.5.1/mockito-junit-jupiter-4.5.1.jar:/home/developer/.m2/repository/org/skyscreamer/jsonassert/1.5.1/jsonassert-1.5.1.jar:/home/developer/.m2/repository/com/vaadin/external/google/android-json/0.0.20131108.vaadin1/android-json-0.0.20131108.vaadin1.jar:/home/developer/.m2/repository/org/springframework/spring-core/5.3.31/spring-core-5.3.31.jar:/home/developer/.m2/repository/org/springframework/spring-jcl/5.3.31/spring-jcl-5.3.31.jar:/home/developer/.m2/repository/org/springframework/spring-test/5.3.31/spring-test-5.3.31.jar:/home/developer/.m2/repository/org/xmlunit/xmlunit-core/2.9.1/xmlunit-core-2.9.1.jar:/home/developer/.m2/repository/org/springframework/boot/spring-boot-starter-thymeleaf/2.7.18/spring-boot-starter-thymeleaf-2.7.18.jar:/home/developer/.m2/repository/org/thymeleaf/thymeleaf-spring5/3.0.15.RELEASE/thymeleaf-spring5-3.0.15.RELEASE.jar:/home/developer/.m2/repository/org/thymeleaf/thymeleaf/3.0.15.RELEASE/thymeleaf-3.0.15.RELEASE.jar:/home/developer/.m2/repository/org/attoparser/attoparser/2.0.5.RELEASE/attoparser-2.0.5.RELEASE.jar:/home/developer/.m2/repository/org/unbescape/unbescape/1.1.6.RELEASE/unbescape-1.1.6.RELEASE.jar:/home/developer/.m2/repository/org/thymeleaf/extras/thymeleaf-extras-java8time/3.0.4.RELEASE/thymeleaf-extras-java8time-3.0.4.RELEASE.jar:/home/developer/.m2/repository/org/springframework/boot/spring-boot-starter-security/2.7.18/spring-boot-starter-security-2.7.18.jar:/home/developer/.m2/repository/org/springframework/spring-aop/5.3.31/spring-aop-5.3.31.jar:/home/developer/.m2/repository/org/springframework/security/spring-security-config/5.7.11/spring-security-config-5.7.11.jar:/home/developer/.m2/repository/org/springframework/security/spring-security-core/5.7.11/spring-security-core-5.7.11.jar:/home/developer/.m2/repository/org/springframework/security/spring-security-crypto/5.7.11/spring-security-crypto-5.7.11.jar:/home/developer/.m2/repository/org/springframework/security/spring-security-web/5.7.11/spring-security-web-5.7.11.jar:"/>
    <property name="java.vm.vendor" value="Eclipse Adoptium"/>
    <property name="sun.arch.data.model" value="64"/>
    <property name="java.vendor.url" value="https://adoptium.net/"/>
    <property name="os.name" value="Linux"/>
    <property name="java.vm.specification.version" value="21"/>
    <property name="sun.java.launcher" value="SUN_STANDARD"/>
    <property name="user.country" value="IN"/>
    <property name="sun.boot.library.path" value="/snap/eclipse/124/usr/lib/eclipse/plugins/org.eclipse.justj.openjdk.hotspot.jre.full.linux.x86_64_21.0.7.v20250502-0916/jre/lib"/>
    <property name="sun.java.command" value="/home/developer/Desktop/mp-training/training/java/spring/fullstack/backend/target/surefire/surefirebooter15203679714529736397.jar /home/developer/Desktop/mp-training/training/java/spring/fullstack/backend/target/surefire 2025-07-09T10-58-07_571-jvmRun1 surefire942161137639602500tmp surefire_010011116540571684782tmp"/>
    <property name="jdk.debug" value="release"/>
    <property name="surefire.test.class.path" value="/home/developer/Desktop/mp-training/training/java/spring/fullstack/backend/target/test-classes:/home/developer/Desktop/mp-training/training/java/spring/fullstack/backend/target/classes:/home/developer/.m2/repository/org/springframework/boot/spring-boot-devtools/2.7.18/spring-boot-devtools-2.7.18.jar:/home/developer/.m2/repository/org/springframework/boot/spring-boot/2.7.18/spring-boot-2.7.18.jar:/home/developer/.m2/repository/org/springframework/spring-context/5.3.31/spring-context-5.3.31.jar:/home/developer/.m2/repository/org/springframework/boot/spring-boot-autoconfigure/2.7.18/spring-boot-autoconfigure-2.7.18.jar:/home/developer/.m2/repository/org/thymeleaf/extras/thymeleaf-extras-springsecurity5/3.0.5.RELEASE/thymeleaf-extras-springsecurity5-3.0.5.RELEASE.jar:/home/developer/.m2/repository/org/slf4j/slf4j-api/1.7.36/slf4j-api-1.7.36.jar:/home/developer/.m2/repository/org/springframework/boot/spring-boot-starter-jdbc/2.7.18/spring-boot-starter-jdbc-2.7.18.jar:/home/developer/.m2/repository/org/springframework/boot/spring-boot-starter/2.7.18/spring-boot-starter-2.7.18.jar:/home/developer/.m2/repository/org/springframework/boot/spring-boot-starter-logging/2.7.18/spring-boot-starter-logging-2.7.18.jar:/home/developer/.m2/repository/ch/qos/logback/logback-classic/1.2.12/logback-classic-1.2.12.jar:/home/developer/.m2/repository/ch/qos/logback/logback-core/1.2.12/logback-core-1.2.12.jar:/home/developer/.m2/repository/org/apache/logging/log4j/log4j-to-slf4j/2.17.2/log4j-to-slf4j-2.17.2.jar:/home/developer/.m2/repository/org/apache/logging/log4j/log4j-api/2.17.2/log4j-api-2.17.2.jar:/home/developer/.m2/repository/org/slf4j/jul-to-slf4j/1.7.36/jul-to-slf4j-1.7.36.jar:/home/developer/.m2/repository/jakarta/annotation/jakarta.annotation-api/1.3.5/jakarta.annotation-api-1.3.5.jar:/home/developer/.m2/repository/org/yaml/snakeyaml/1.30/snakeyaml-1.30.jar:/home/developer/.m2/repository/com/zaxxer/HikariCP/4.0.3/HikariCP-4.0.3.jar:/home/developer/.m2/repository/org/springframework/spring-jdbc/5.3.31/spring-jdbc-5.3.31.jar:/home/developer/.m2/repository/org/springframework/spring-beans/5.3.31/spring-beans-5.3.31.jar:/home/developer/.m2/repository/org/springframework/spring-tx/5.3.31/spring-tx-5.3.31.jar:/home/developer/.m2/repository/org/springframework/boot/spring-boot-starter-validation/2.7.18/spring-boot-starter-validation-2.7.18.jar:/home/developer/.m2/repository/org/apache/tomcat/embed/tomcat-embed-el/9.0.83/tomcat-embed-el-9.0.83.jar:/home/developer/.m2/repository/org/hibernate/validator/hibernate-validator/6.2.5.Final/hibernate-validator-6.2.5.Final.jar:/home/developer/.m2/repository/jakarta/validation/jakarta.validation-api/2.0.2/jakarta.validation-api-2.0.2.jar:/home/developer/.m2/repository/org/jboss/logging/jboss-logging/3.4.3.Final/jboss-logging-3.4.3.Final.jar:/home/developer/.m2/repository/com/fasterxml/classmate/1.5.1/classmate-1.5.1.jar:/home/developer/.m2/repository/org/springframework/boot/spring-boot-starter-web/2.7.18/spring-boot-starter-web-2.7.18.jar:/home/developer/.m2/repository/org/springframework/boot/spring-boot-starter-json/2.7.18/spring-boot-starter-json-2.7.18.jar:/home/developer/.m2/repository/com/fasterxml/jackson/core/jackson-databind/2.13.5/jackson-databind-2.13.5.jar:/home/developer/.m2/repository/com/fasterxml/jackson/core/jackson-annotations/2.13.5/jackson-annotations-2.13.5.jar:/home/developer/.m2/repository/com/fasterxml/jackson/core/jackson-core/2.13.5/jackson-core-2.13.5.jar:/home/developer/.m2/repository/com/fasterxml/jackson/datatype/jackson-datatype-jdk8/2.13.5/jackson-datatype-jdk8-2.13.5.jar:/home/developer/.m2/repository/com/fasterxml/jackson/datatype/jackson-datatype-jsr310/2.13.5/jackson-datatype-jsr310-2.13.5.jar:/home/developer/.m2/repository/com/fasterxml/jackson/module/jackson-module-parameter-names/2.13.5/jackson-module-parameter-names-2.13.5.jar:/home/developer/.m2/repository/org/springframework/boot/spring-boot-starter-tomcat/2.7.18/spring-boot-starter-tomcat-2.7.18.jar:/home/developer/.m2/repository/org/apache/tomcat/embed/tomcat-embed-core/9.0.83/tomcat-embed-core-9.0.83.jar:/home/developer/.m2/repository/org/apache/tomcat/embed/tomcat-embed-websocket/9.0.83/tomcat-embed-websocket-9.0.83.jar:/home/developer/.m2/repository/org/springframework/spring-web/5.3.31/spring-web-5.3.31.jar:/home/developer/.m2/repository/org/springframework/spring-webmvc/5.3.31/spring-webmvc-5.3.31.jar:/home/developer/.m2/repository/org/springframework/spring-expression/5.3.31/spring-expression-5.3.31.jar:/home/developer/.m2/repository/org/springframework/boot/spring-boot-starter-test/2.7.18/spring-boot-starter-test-2.7.18.jar:/home/developer/.m2/repository/org/springframework/boot/spring-boot-test/2.7.18/spring-boot-test-2.7.18.jar:/home/developer/.m2/repository/org/springframework/boot/spring-boot-test-autoconfigure/2.7.18/spring-boot-test-autoconfigure-2.7.18.jar:/home/developer/.m2/repository/com/jayway/jsonpath/json-path/2.7.0/json-path-2.7.0.jar:/home/developer/.m2/repository/net/minidev/json-smart/2.4.11/json-smart-2.4.11.jar:/home/developer/.m2/repository/net/minidev/accessors-smart/2.4.11/accessors-smart-2.4.11.jar:/home/developer/.m2/repository/org/ow2/asm/asm/9.3/asm-9.3.jar:/home/developer/.m2/repository/jakarta/xml/bind/jakarta.xml.bind-api/2.3.3/jakarta.xml.bind-api-2.3.3.jar:/home/developer/.m2/repository/jakarta/activation/jakarta.activation-api/1.2.2/jakarta.activation-api-1.2.2.jar:/home/developer/.m2/repository/org/assertj/assertj-core/3.22.0/assertj-core-3.22.0.jar:/home/developer/.m2/repository/org/hamcrest/hamcrest/2.2/hamcrest-2.2.jar:/home/developer/.m2/repository/org/junit/jupiter/junit-jupiter/5.8.2/junit-jupiter-5.8.2.jar:/home/developer/.m2/repository/org/junit/jupiter/junit-jupiter-api/5.8.2/junit-jupiter-api-5.8.2.jar:/home/developer/.m2/repository/org/opentest4j/opentest4j/1.2.0/opentest4j-1.2.0.jar:/home/developer/.m2/repository/org/junit/platform/junit-platform-commons/1.8.2/junit-platform-commons-1.8.2.jar:/home/developer/.m2/repository/org/apiguardian/apiguardian-api/1.1.2/apiguardian-api-1.1.2.jar:/home/developer/.m2/repository/org/junit/jupiter/junit-jupiter-params/5.8.2/junit-jupiter-params-5.8.2.jar:/home/developer/.m2/repository/org/junit/jupiter/junit-jupiter-engine/5.8.2/junit-jupiter-engine-5.8.2.jar:/home/developer/.m2/repository/org/junit/platform/junit-platform-engine/1.8.2/junit-platform-engine-1.8.2.jar:/home/developer/.m2/repository/org/mockito/mockito-core/4.5.1/mockito-core-4.5.1.jar:/home/developer/.m2/repository/net/bytebuddy/byte-buddy/1.12.23/byte-buddy-1.12.23.jar:/home/developer/.m2/repository/net/bytebuddy/byte-buddy-agent/1.12.23/byte-buddy-agent-1.12.23.jar:/home/developer/.m2/repository/org/objenesis/objenesis/3.2/objenesis-3.2.jar:/home/developer/.m2/repository/org/mockito/mockito-junit-jupiter/4.5.1/mockito-junit-jupiter-4.5.1.jar:/home/developer/.m2/repository/org/skyscreamer/jsonassert/1.5.1/jsonassert-1.5.1.jar:/home/developer/.m2/repository/com/vaadin/external/google/android-json/0.0.20131108.vaadin1/android-json-0.0.20131108.vaadin1.jar:/home/developer/.m2/repository/org/springframework/spring-core/5.3.31/spring-core-5.3.31.jar:/home/developer/.m2/repository/org/springframework/spring-jcl/5.3.31/spring-jcl-5.3.31.jar:/home/developer/.m2/repository/org/springframework/spring-test/5.3.31/spring-test-5.3.31.jar:/home/developer/.m2/repository/org/xmlunit/xmlunit-core/2.9.1/xmlunit-core-2.9.1.jar:/home/developer/.m2/repository/org/springframework/boot/spring-boot-starter-thymeleaf/2.7.18/spring-boot-starter-thymeleaf-2.7.18.jar:/home/developer/.m2/repository/org/thymeleaf/thymeleaf-spring5/3.0.15.RELEASE/thymeleaf-spring5-3.0.15.RELEASE.jar:/home/developer/.m2/repository/org/thymeleaf/thymeleaf/3.0.15.RELEASE/thymeleaf-3.0.15.RELEASE.jar:/home/developer/.m2/repository/org/attoparser/attoparser/2.0.5.RELEASE/attoparser-2.0.5.RELEASE.jar:/home/developer/.m2/repository/org/unbescape/unbescape/1.1.6.RELEASE/unbescape-1.1.6.RELEASE.jar:/home/developer/.m2/repository/org/thymeleaf/extras/thymeleaf-extras-java8time/3.0.4.RELEASE/thymeleaf-extras-java8time-3.0.4.RELEASE.jar:/home/developer/.m2/repository/org/springframework/boot/spring-boot-starter-security/2.7.18/spring-boot-starter-security-2.7.18.jar:/home/developer/.m2/repository/org/springframework/spring-aop/5.3.31/spring-aop-5.3.31.jar:/home/developer/.m2/repository/org/springframework/security/spring-security-config/5.7.11/spring-security-config-5.7.11.jar:/home/developer/.m2/repository/org/springframework/security/spring-security-core/5.7.11/spring-security-core-5.7.11.jar:/home/developer/.m2/repository/org/springframework/security/spring-security-crypto/5.7.11/spring-security-crypto-5.7.11.jar:/home/developer/.m2/repository/org/springframework/security/spring-security-web/5.7.11/spring-security-web-5.7.11.jar:"/>
    <property name="sun.cpu.endian" value="little"/>
    <property name="user.home" value="/home/developer"/>
    <property name="user.language" value="en"/>
    <property name="java.specification.vendor" value="Oracle Corporation"/>
    <property name="java.version.date" value="2025-04-15"/>
    <property name="java.home" value="/snap/eclipse/124/usr/lib/eclipse/plugins/org.eclipse.justj.openjdk.hotspot.jre.full.linux.x86_64_21.0.7.v20250502-0916/jre"/>
    <property name="file.separator" value="/"/>
    <property name="basedir" value="/home/developer/Desktop/mp-training/training/java/spring/fullstack/backend"/>
    <property name="style.color" value="always"/>
    <property name="java.vm.compressedOopsMode" value="Zero based"/>
    <property name="line.separator" value="&#10;"/>
    <property name="java.specification.name" value="Java Platform API Specification"/>
    <property name="java.vm.specification.vendor" value="Oracle Corporation"/>
    <property name="surefire.real.class.path" value="/home/developer/Desktop/mp-training/training/java/spring/fullstack/backend/target/surefire/surefirebooter15203679714529736397.jar"/>
    <property name="sun.management.compiler" value="HotSpot 64-Bit Tiered Compilers"/>
    <property name="java.runtime.version" value="21.0.7+6-LTS"/>
    <property name="user.name" value="developer"/>
    <property name="stdout.encoding" value="UTF-8"/>
    <property name="path.separator" value=":"/>
    <property name="os.version" value="6.8.0-60-generic"/>
    <property name="java.runtime.name" value="OpenJDK Runtime Environment"/>
    <property name="file.encoding" value="UTF-8"/>
    <property name="java.vm.name" value="OpenJDK 64-Bit Server VM"/>
    <property name="java.vendor.version" value="Temurin-21.0.7+6"/>
    <property name="localRepository" value="/home/developer/.m2/repository"/>
    <property name="java.vendor.url.bug" value="https://github.com/adoptium/adoptium-support/issues"/>
    <property name="java.io.tmpdir" value="/tmp"/>
    <property name="java.version" value="21.0.7"/>
    <property name="user.dir" value="/home/developer/Desktop/mp-training/training/java/spring/fullstack/backend"/>
    <property name="os.arch" value="amd64"/>
    <property name="java.vm.specification.name" value="Java Virtual Machine Specification"/>
    <property name="native.encoding" value="UTF-8"/>
    <property name="java.library.path" value="/usr/java/packages/lib:/usr/lib64:/lib64:/lib:/usr/lib"/>
    <property name="java.vm.info" value="mixed mode, sharing"/>
    <property name="stderr.encoding" value="UTF-8"/>
    <property name="java.vendor" value="Eclipse Adoptium"/>
    <property name="java.vm.version" value="21.0.7+6-LTS"/>
    <property name="sun.io.unicode.encoding" value="UnicodeLittle"/>
    <property name="java.class.version" value="65.0"/>
  </properties>
  <testcase name="com.example.HelloWorld.HelloWorldApplicationTests" classname="com.example.HelloWorld.HelloWorldApplicationTests" time="0.174">
    <error message="Unable to find a @SpringBootConfiguration, you need to use @ContextConfiguration or @SpringBootTest(classes=...) with your test" type="java.lang.IllegalStateException">java.lang.IllegalStateException: Unable to find a @SpringBootConfiguration, you need to use @ContextConfiguration or @SpringBootTest(classes=...) with your test
</error>
    <system-out><![CDATA[10:58:08.096 [main] DEBUG org.springframework.test.context.BootstrapUtils - Instantiating CacheAwareContextLoaderDelegate from class [org.springframework.test.context.cache.DefaultCacheAwareContextLoaderDelegate]
10:58:08.103 [main] DEBUG org.springframework.test.context.BootstrapUtils - Instantiating BootstrapContext using constructor [public org.springframework.test.context.support.DefaultBootstrapContext(java.lang.Class,org.springframework.test.context.CacheAwareContextLoaderDelegate)]
10:58:08.128 [main] DEBUG org.springframework.test.context.BootstrapUtils - Instantiating TestContextBootstrapper for test class [com.example.HelloWorld.HelloWorldApplicationTests] from class [org.springframework.boot.test.context.SpringBootTestContextBootstrapper]
10:58:08.136 [main] INFO org.springframework.boot.test.context.SpringBootTestContextBootstrapper - Neither @ContextConfiguration nor @ContextHierarchy found for test class [com.example.HelloWorld.HelloWorldApplicationTests], using SpringBootContextLoader
10:58:08.139 [main] DEBUG org.springframework.test.context.support.AbstractContextLoader - Did not detect default resource location for test class [com.example.HelloWorld.HelloWorldApplicationTests]: class path resource [com/example/HelloWorld/HelloWorldApplicationTests-context.xml] does not exist
10:58:08.139 [main] DEBUG org.springframework.test.context.support.AbstractContextLoader - Did not detect default resource location for test class [com.example.HelloWorld.HelloWorldApplicationTests]: class path resource [com/example/HelloWorld/HelloWorldApplicationTestsContext.groovy] does not exist
10:58:08.139 [main] INFO org.springframework.test.context.support.AbstractContextLoader - Could not detect default resource locations for test class [com.example.HelloWorld.HelloWorldApplicationTests]: no resource found for suffixes {-context.xml, Context.groovy}.
10:58:08.140 [main] INFO org.springframework.test.context.support.AnnotationConfigContextLoaderUtils - Could not detect default configuration classes for test class [com.example.HelloWorld.HelloWorldApplicationTests]: HelloWorldApplicationTests does not declare any static, non-private, non-final, nested classes annotated with @Configuration.
10:58:08.166 [main] DEBUG org.springframework.test.context.support.ActiveProfilesUtils - Could not find an 'annotation declaring class' for annotation type [org.springframework.test.context.ActiveProfiles] and class [com.example.HelloWorld.HelloWorldApplicationTests]
]]></system-out>
  </testcase>
</testsuite>